  main.cpp
c:\users\linji\desktop\oh_mylove\main.cpp(66): warning C4244: “参数”: 从“time_t”转换到“unsigned int”，可能丢失数据
c:\users\linji\desktop\oh_mylove\main.cpp(103): warning C4996: 'kbhit': The POSIX name for this item is deprecated. Instead, use the ISO C and C++ conformant name: _kbhit. See online help for details.
  c:\program files (x86)\windows kits\10\include\10.0.10240.0\ucrt\conio.h(458): note: 参见“kbhit”的声明
c:\users\linji\desktop\oh_mylove\main.cpp(222): warning C4996: 'sprintf': This function or variable may be unsafe. Consider using sprintf_s instead. To disable deprecation, use _CRT_SECURE_NO_WARNINGS. See online help for details.
  c:\program files (x86)\windows kits\10\include\10.0.10240.0\ucrt\stdio.h(1769): note: 参见“sprintf”的声明
c:\users\linji\desktop\oh_mylove\main.cpp(223): warning C4996: 'sprintf': This function or variable may be unsafe. Consider using sprintf_s instead. To disable deprecation, use _CRT_SECURE_NO_WARNINGS. See online help for details.
  c:\program files (x86)\windows kits\10\include\10.0.10240.0\ucrt\stdio.h(1769): note: 参见“sprintf”的声明
c:\users\linji\desktop\oh_mylove\main.cpp(224): warning C4996: 'sprintf': This function or variable may be unsafe. Consider using sprintf_s instead. To disable deprecation, use _CRT_SECURE_NO_WARNINGS. See online help for details.
  c:\program files (x86)\windows kits\10\include\10.0.10240.0\ucrt\stdio.h(1769): note: 参见“sprintf”的声明
c:\users\linji\desktop\oh_mylove\main.cpp(264): warning C4996: 'sprintf': This function or variable may be unsafe. Consider using sprintf_s instead. To disable deprecation, use _CRT_SECURE_NO_WARNINGS. See online help for details.
  c:\program files (x86)\windows kits\10\include\10.0.10240.0\ucrt\stdio.h(1769): note: 参见“sprintf”的声明
c:\users\linji\desktop\oh_mylove\main.cpp(265): warning C4996: 'sprintf': This function or variable may be unsafe. Consider using sprintf_s instead. To disable deprecation, use _CRT_SECURE_NO_WARNINGS. See online help for details.
  c:\program files (x86)\windows kits\10\include\10.0.10240.0\ucrt\stdio.h(1769): note: 参见“sprintf”的声明
c:\users\linji\desktop\oh_mylove\main.cpp(266): warning C4996: 'sprintf': This function or variable may be unsafe. Consider using sprintf_s instead. To disable deprecation, use _CRT_SECURE_NO_WARNINGS. See online help for details.
  c:\program files (x86)\windows kits\10\include\10.0.10240.0\ucrt\stdio.h(1769): note: 参见“sprintf”的声明
c:\users\linji\desktop\oh_mylove\main.cpp(317): warning C4996: 'sprintf': This function or variable may be unsafe. Consider using sprintf_s instead. To disable deprecation, use _CRT_SECURE_NO_WARNINGS. See online help for details.
  c:\program files (x86)\windows kits\10\include\10.0.10240.0\ucrt\stdio.h(1769): note: 参见“sprintf”的声明
c:\users\linji\desktop\oh_mylove\main.cpp(318): warning C4996: 'sprintf': This function or variable may be unsafe. Consider using sprintf_s instead. To disable deprecation, use _CRT_SECURE_NO_WARNINGS. See online help for details.
  c:\program files (x86)\windows kits\10\include\10.0.10240.0\ucrt\stdio.h(1769): note: 参见“sprintf”的声明
c:\users\linji\desktop\oh_mylove\main.cpp(319): warning C4996: 'sprintf': This function or variable may be unsafe. Consider using sprintf_s instead. To disable deprecation, use _CRT_SECURE_NO_WARNINGS. See online help for details.
  c:\program files (x86)\windows kits\10\include\10.0.10240.0\ucrt\stdio.h(1769): note: 参见“sprintf”的声明
  Happy_New_Year.vcxproj -> C:\Users\linji\Desktop\Oh_Mylove\Debug\Happy_New_Year.exe
  Happy_New_Year.vcxproj -> C:\Users\linji\Desktop\Oh_Mylove\Debug\Happy_New_Year.pdb (Full PDB)
